<?xml version="1.0" encoding="UTF-8" standalone="yes" ?>
<test-results name="D:\project\code-impl-algorithms\data-structure\hash-table\Test\Win32\Debug\TestHashTable.exe" total="1" errors="0" failures="0" ignored="0" inconclusive="0" not-run="0" skipped="0" invalid="0" date="2014-05-28" time="83.826">
  <environment nunit-version="DUnitX" clr-version="2.0.0.0" os-version="6.1.0.0" platform="Windows" cwd="c:\test" machine-name="mymachine" user="vincent" user-domain="finalbuilder.com"  />
  <culture-info current-culture="en" current-uiculture="en" />
  <test-suite type="Assembly" name="TestHashTable.exe" executed="true" result="Success" success="True" time="83.826" asserts="0">
    <results>
        <test-suite type="Fixture" name="TTestHashingFechado" executed="Success" result="True" success="True" time="83.826" >
          <results>
            <test-case name="TestColisao" executed="True" result="Success" success="True" time="81.304" asserts="0" />
          </results>
        </test-suite>
    </results>
  </test-suite>
</test-results>
